20240701	10:07:49	d3745782-e915-4490-b540-5516d6a80490	GET	/	undefined
20240701	10:08:23	d3a4eeb9-82da-4078-b143-7ad99af427dc	GET	/api/v1	undefined
20240701	10:08:47	ccaffd23-17be-456a-a919-f648fe8ba6d1	GET	/	undefined20240716	23:08:13	11f909b0-75a5-43e5-8f24-a24c819f6d84	POST	/api/v1/dashboard	http://localhost:5173
20240716	23:08:14	0b231f13-e921-4ab6-8b3d-bc6c26832a89	POST	/api/v1/dashboard	http://localhost:5173
20240716	23:08:27	c4d49120-6299-4e49-ab3a-ab87b79b6cc7	POST	/api/v1/login	http://localhost:517320240717	01:50:45	eaecef9c-ead1-4eff-a034-89c3a1651d45	POST	/api/v1/login	http://localhost:517320240717	18:30:27	1b7ddb3a-b0f8-42bc-8b2e-887f174f1bee	POST	/api/v1/login	http://localhost:5173
20240717	18:30:27	dd38e60e-6375-4f02-a003-abef3c786dc2	GET	/api/v1/treeData/Islamabad	http://localhost:5173
20240717	18:31:06	09a969c9-77d1-405b-aeb7-4319b7f1bafd	POST	/api/v1/login	http://localhost:5173
20240717	18:31:06	e9268743-aa97-48c6-90a4-17db1249f997	GET	/api/v1/treeData/Islamabad	http://localhost:5173
20240717	18:35:46	15483bfa-126d-4ce2-860f-8d217fabaabc	POST	/api/v1/login	http://localhost:5173
20240717	18:35:47	35c14dac-a63c-4a8b-ad57-d830ab704588	GET	/api/v1/treeData/Islamabad	http://localhost:5173
20240717	18:37:59	ad294a90-7789-40e6-93b1-a687a9fefe5d	POST	/api/v1/UserEntryForm	http://localhost:5173
20240717	18:46:16	e7fbb3a7-7198-46ae-a269-2617f1895aad	POST	/api/v1/login	http://localhost:5173
20240717	18:46:16	4f359c68-4abe-4972-975b-3ef242360926	GET	/api/v1/treeData/Karachi	http://localhost:5173
20240717	18:46:24	3241fdc9-5349-4f89-ae20-6ca359ba4670	POST	/api/v1/dashboard	http://localhost:5173
20240717	18:46:25	4f2726d9-2ff9-4d97-9ec8-80e931aa1606	POST	/api/v1/dashboard	http://localhost:5173
20240717	18:46:27	19696d20-7c35-4927-94a9-c79e202d8dbc	POST	/api/v1/dashboard	http://localhost:5173
20240717	18:46:37	d5e44fe1-c1ca-438d-96af-31f563173822	POST	/api/v1/UserEntryForm	http://localhost:5173
20240717	18:46:40	a6d287fc-5429-4f9d-ae79-3cc997865e48	POST	/api/v1/dashboard	http://localhost:5173
20240717	18:46:47	79e28d57-535e-4821-a9e8-a8ce2548c1aa	POST	/api/v1/dashboard	http://localhost:5173
20240717	18:46:49	b257d700-1433-4004-b5da-4fa37e44c580	POST	/api/v1/dashboard	http://localhost:5173
